<?xml version="1.0" encoding="UTF-8"?>
<!-- Generated by org.testng.reporters.JUnitXMLReporter -->
<testsuite hostname="LAPTOP-PNMBG4GJ" ignored="0" name="Jupiter Regression" tests="5" failures="0" timestamp="2021-09-18T15:24:24 AEST" time="82.538" errors="0">
  <testcase name="testContact" time="9.632" classname="jupiter.tests.ContactPage"/>
  <testcase name="testContact" time="15.495" classname="jupiter.tests.ContactPage"/>
  <testcase name="testContact" time="7.767" classname="jupiter.tests.ContactPage"/>
  <testcase name="testContact" time="11.882" classname="jupiter.tests.ContactPage"/>
  <testcase name="testContact" time="12.833" classname="jupiter.tests.ContactPage"/>
</testsuite> <!-- Jupiter Regression -->
