<?xml version="1.0" encoding="UTF-8"?>
<testsuite xmlns:xsi="http://www.w3.org/2001/XMLSchema-instance" xsi:noNamespaceSchemaLocation="https://maven.apache.org/surefire/maven-surefire-plugin/xsd/surefire-test-report-3.0.xsd" version="3.0" name="TestSuite" time="99.272" tests="7" errors="0" skipped="0" failures="0">
  <properties>
[...]
</properties>
  <testcase name="testContact" classname="jupiter.tests.ContactPage" time="9.633"/>
  <testcase name="testContact" classname="jupiter.tests.ContactPage" time="15.496"/>
  <testcase name="testContact" classname="jupiter.tests.ContactPage" time="7.768"/>
  <testcase name="testContact" classname="jupiter.tests.ContactPage" time="11.883"/>
  <testcase name="testContact" classname="jupiter.tests.ContactPage" time="12.834"/>
  <testcase name="Items" classname="jupiter.tests.CartItems" time="2.991">
    <system-out><![CDATA[PASSED: testContact
PASSED: testContact
PASSED: testContact
PASSED: testContact
PASSED: testContact

===============================================
    Jupiter Regression
    Tests run: 5, Failures: 0, Skips: 0
===============================================

]]></system-out>
  </testcase>
  <testcase name="subitems" classname="jupiter.tests.SubTotal" time="4.418">
    <system-out><![CDATA[PASSED: Items

===============================================
    Jupiter Regression
    Tests run: 1, Failures: 0, Skips: 0
===============================================

]]></system-out>
  </testcase>
</testsuite>