<?xml version="1.0" encoding="UTF-8"?>
<!-- Generated by org.testng.reporters.JUnitXMLReporter -->
<testsuite hostname="LAPTOP-PNMBG4GJ" ignored="0" name="All Tests" tests="7" failures="0" timestamp="2021-09-18T15:34:55 AEST" time="89.649" errors="0">
  <testcase name="testContact" time="8.436" classname="jupiter.tests.ContactPage"/>
  <testcase name="testContact" time="7.728" classname="jupiter.tests.ContactPage"/>
  <testcase name="testContact" time="13.337" classname="jupiter.tests.ContactPage"/>
  <testcase name="testContact" time="7.742" classname="jupiter.tests.ContactPage"/>
  <testcase name="testContact" time="12.535" classname="jupiter.tests.ContactPage"/>
  <testcase name="Items" time="2.947" classname="jupiter.tests.CartItems"/>
  <testcase name="subitems" time="4.42" classname="jupiter.tests.SubTotal"/>
</testsuite> <!-- All Tests -->
